2017-07-12 10:59:39 INFO  TestBase:60 - Opened mozilla browser
2017-07-12 10:59:39 INFO  TestBase:62 - Navigated to Seleniumeasy.com/test
2017-07-12 10:59:39 INFO  SingleCheckBox:22 - ************************************CHECKBOX RELATED TESTCASES-SINGLESELECTCHECKBOX**************************************
2017-07-12 10:59:39 INFO  MainClass:50 - InputFormLInk is clicked
2017-07-12 10:59:40 INFO  MainClass:56 - CheckBox Demo Link is clicked
2017-07-12 10:59:40 INFO  MainClass:64 - Single select Checkbox Checked
2017-07-12 10:59:40 INFO  MainClass:75 - Verified and found Checkbox selected
2017-07-12 10:59:40 INFO  SingleCheckBox:27 - =====================================End of checkSingleSelectCheckbox Testcase====================================
2017-07-12 10:59:40 INFO  MainClass:50 - InputFormLInk is clicked
2017-07-12 10:59:40 INFO  MainClass:56 - CheckBox Demo Link is clicked
2017-07-12 10:59:40 INFO  MainClass:64 - Single select Checkbox Checked
2017-07-12 10:59:40 INFO  MainClass:75 - Verified and found Checkbox selected
2017-07-12 10:59:41 INFO  MainClass:91 - The expectedmessage is same as Success - Check box is checked
2017-07-12 10:59:41 INFO  SingleCheckBox:39 - =====================================End of verifySuccessMessage Testcase====================================
2017-07-12 11:44:00 INFO  TestBase:60 - Opened mozilla browser
2017-07-12 11:44:00 INFO  TestBase:62 - Navigated to Seleniumeasy.com/test
2017-07-12 11:44:01 INFO  BootstrapAlerts:16 - ******************************************BOOTSTRAP ALERTS*********************************************
2017-07-12 11:44:01 INFO  MainClass:200 - Alert and Models Menu options opened
2017-07-12 11:44:01 INFO  MainClass:205 - Navigated to Bootstrap Alert Page
2017-07-12 11:44:01 INFO  MainClass:207 - Selenium Easy - Bootstrap Alerts Demo for Automation
2017-07-12 11:44:02 INFO  MainClass:212 - The message on the bootstrap button is Autocloseable success message
2017-07-12 11:44:02 INFO  MainClass:215 - Clicked on bootstrap alert button
2017-07-12 11:44:12 INFO  MainClass:230 - I'm an autocloseable success message. I will hide in 5 seconds.
2017-07-12 11:44:12 INFO  BootstrapAlerts:21 - ==========================================End of verifyBootstrapAlerts Testcases=======================
2017-07-12 12:52:01 INFO  TestBase:60 - Opened mozilla browser
2017-07-12 12:52:01 INFO  TestBase:62 - Navigated to Seleniumeasy.com/test
2017-07-12 12:52:01 INFO  selenium_Easy_JQuery_DropDown:170 - ****** Start Executing VerifyDropdownWithCategoryRelatedOptions *****
2017-07-12 12:52:22 INFO  selenium_Easy_JQuery_DropDown:191 - ****** Completed Executing VerifyDropdownWithCategoryRelatedOptions *****
2017-07-12 14:19:19 INFO  TestBase:60 - Opened mozilla browser
2017-07-12 14:19:19 INFO  TestBase:62 - Navigated to Seleniumeasy.com/test
2017-07-12 14:19:19 INFO  BootstrapAlerts:23 - ******************************************Start verifying BOOTSTRAP Calendar*********************************************
2017-07-12 14:19:21 INFO  MainClass:315 - You are in the Bootstrap DatePicker Test Case Page
2017-07-12 14:19:21 INFO  BootstrapAlerts:28 - ==========================================Completed verifying Bootstrap Calendar Testcases===============================
2017-07-12 14:29:07 INFO  TestBase:60 - Opened mozilla browser
2017-07-12 14:29:07 INFO  TestBase:62 - Navigated to Seleniumeasy.com/test
2017-07-12 14:29:07 INFO  BootstrapAlerts:23 - ******************************************Start verifying verifyBootstrapCalendar Test Case*********************************************
2017-07-12 14:29:08 INFO  MainClass:316 - You are in the Bootstrap DatePicker Test Case Page
2017-07-12 14:29:08 INFO  BootstrapAlerts:28 - ==========================================Completed verifying verifyBootstrapCalendar Test Case========================================
2017-07-12 14:29:08 INFO  BootstrapAlerts:33 - ******************************************Start verifying verifyDaysOfWeekDisabled Test Case*********************************************
2017-07-12 14:29:08 INFO  BootstrapAlerts:36 - ******************************************Start verifying verifyDaysOfWeekDisabled Test Case*********************************************
2017-07-13 21:12:31 INFO  TestBase:55 - Opened chrome browser
2017-07-13 21:12:31 INFO  TestBase:57 - Navigated to Seleniumeasy.com/test
2017-07-14 11:28:18 INFO  TestBase:55 - Opened chrome browser
2017-07-14 11:28:18 INFO  TestBase:57 - Navigated to Seleniumeasy.com/test
2017-07-14 11:38:09 INFO  TestBase:55 - Opened chrome browser
2017-07-14 11:38:09 INFO  TestBase:57 - Navigated to Seleniumeasy.com/test
2017-07-14 11:41:04 INFO  TestBase:55 - Opened chrome browser
2017-07-14 11:41:04 INFO  TestBase:57 - Navigated to Seleniumeasy.com/test
2017-07-14 11:55:54 INFO  TestBase:55 - Opened chrome browser
2017-07-14 11:55:54 INFO  TestBase:57 - Navigated to Seleniumeasy.com/test
2017-07-14 11:55:57 INFO  MainClass:366 - InputFormLInk is clicked
2017-07-14 12:14:17 INFO  TestBase:55 - Opened chrome browser
2017-07-14 12:14:17 INFO  TestBase:57 - Navigated to Seleniumeasy.com/test
2017-07-14 12:14:21 INFO  MainClass:370 - InputFormLInk is clicked
2017-07-14 13:03:20 INFO  TestBase:55 - Opened chrome browser
2017-07-14 13:03:20 INFO  TestBase:57 - Navigated to Seleniumeasy.com/test
2017-07-14 13:03:21 INFO  MainClass:421 - InputFormSubmit Button Error Validation is Completed
2017-07-14 13:04:22 INFO  TestBase:55 - Opened chrome browser
2017-07-14 13:04:22 INFO  TestBase:57 - Navigated to Seleniumeasy.com/test
2017-07-14 13:04:23 INFO  MainClass:421 - InputFormSubmit Button Error Validation is Completed
2017-07-14 13:06:43 INFO  TestBase:55 - Opened chrome browser
2017-07-14 13:06:43 INFO  TestBase:57 - Navigated to Seleniumeasy.com/test
2017-07-14 13:06:44 INFO  MainClass:421 - *****************InputFormSubmit Button Error Validation is Completed*****************
2017-07-14 13:06:47 INFO  MainClass:376 - *****************InputFormSubmit Button is clicked*****************
2017-07-14 15:30:24 INFO  TestBase:55 - Opened chrome browser
2017-07-14 15:30:24 INFO  TestBase:57 - Navigated to Seleniumeasy.com/test
2017-07-14 15:30:36 INFO  MainClass:445 - *****************AJAXFormSubmit Flow is over*****************
2017-07-15 12:46:31 INFO  TestBase:55 - Opened chrome browser
2017-07-15 12:46:31 INFO  TestBase:57 - Navigated to Seleniumeasy.com/test
2017-07-15 12:46:33 INFO  MainClass:421 - *****************InputFormSubmit Button Error Validation is Completed*****************
2017-07-15 12:46:36 INFO  MainClass:376 - *****************InputFormSubmit Button is clicked*****************
2017-07-15 12:46:36 INFO  MainClass:460 - *****************AJAXForm Field Validation is over*****************
2017-07-15 12:46:47 INFO  MainClass:445 - *****************AJAXFormSubmit Flow is over*****************
2017-07-17 09:29:10 INFO  TestBase:55 - Opened chrome browser
2017-07-17 09:29:10 INFO  TestBase:57 - Navigated to Seleniumeasy.com/test
2017-07-17 11:31:48 INFO  TestBase:54 - Opened mozilla browser
2017-07-17 11:31:48 INFO  TestBase:56 - Navigated to Seleniumeasy.com/test
2017-07-17 11:31:54 INFO  MainClass:421 - *****************InputFormSubmit Button Error Validation is Completed*****************
2017-07-17 11:32:01 INFO  MainClass:376 - *****************InputFormSubmit Button is clicked*****************
2017-07-17 11:57:30 INFO  TestBase:54 - Opened mozilla browser
2017-07-17 11:57:30 INFO  TestBase:56 - Navigated to Seleniumeasy.com/test
2017-07-17 11:57:35 INFO  MainClass:421 - *****************InputFormSubmit Button Error Validation is Completed*****************
2017-07-17 11:57:41 INFO  MainClass:376 - *****************InputFormSubmit Button is clicked*****************
2017-07-17 13:32:43 INFO  TestBase:54 - Opened mozilla browser
2017-07-17 13:32:43 INFO  TestBase:56 - Navigated to Seleniumeasy.com/test
2017-07-17 13:38:24 INFO  TestBase:54 - Opened mozilla browser
2017-07-17 13:38:24 INFO  TestBase:56 - Navigated to Seleniumeasy.com/test
2017-07-17 13:41:50 INFO  TestBase:54 - Opened mozilla browser
2017-07-17 13:41:50 INFO  TestBase:56 - Navigated to Seleniumeasy.com/test
2017-07-17 13:44:51 INFO  TestBase:54 - Opened mozilla browser
2017-07-17 13:44:51 INFO  TestBase:56 - Navigated to Seleniumeasy.com/test
2017-07-17 13:50:37 INFO  TestBase:54 - Opened mozilla browser
2017-07-17 13:50:37 INFO  TestBase:56 - Navigated to Seleniumeasy.com/test
2017-07-17 13:57:52 INFO  TestBase:54 - Opened mozilla browser
2017-07-17 13:57:52 INFO  TestBase:56 - Navigated to Seleniumeasy.com/test
2017-07-17 13:57:54 INFO  MainClass:487 - Slide1 value is incresed and Current value is:: [[FirefoxDriver: firefox on ANY (61adaccd-7ec7-4d04-b234-e49a71356c61)] -> xpath: //*[@id='range']]
2017-07-17 14:45:21 INFO  TestBase:54 - Opened mozilla browser
2017-07-17 14:45:21 INFO  TestBase:56 - Navigated to Seleniumeasy.com/test
2017-07-17 14:45:23 INFO  MainClass:487 - Slide1 value is incresed and Current value is:: 55
2017-07-17 14:45:23 INFO  MainClass:500 - Slide1 value is incresed and Current value is:: 55
2017-07-17 14:45:23 INFO  MainClass:500 - Slide1 value is incresed and Current value is:: 50
2017-07-17 14:45:23 INFO  MainClass:500 - Slide1 value is incresed and Current value is:: 30
2017-07-17 14:45:23 INFO  MainClass:500 - Slide1 value is incresed and Current value is:: 50
2017-07-17 14:45:23 INFO  MainClass:500 - Slide1 value is incresed and Current value is:: 50
2017-07-17 14:45:23 INFO  MainClass:500 - Slide1 value is incresed and Current value is:: 50
2017-07-17 14:47:42 INFO  TestBase:54 - Opened mozilla browser
2017-07-17 14:47:42 INFO  TestBase:56 - Navigated to Seleniumeasy.com/test
2017-07-17 14:47:48 INFO  MainClass:500 - Slide value is incresed and Current value is:: 62
2017-07-17 14:47:48 INFO  MainClass:500 - Slide value is incresed and Current value is:: 50
2017-07-17 14:47:48 INFO  MainClass:500 - Slide value is incresed and Current value is:: 30
2017-07-17 14:47:49 INFO  MainClass:500 - Slide value is incresed and Current value is:: 50
2017-07-17 14:47:49 INFO  MainClass:500 - Slide value is incresed and Current value is:: 50
2017-07-17 14:47:50 INFO  MainClass:500 - Slide value is incresed and Current value is:: 50
2017-07-17 14:52:39 INFO  TestBase:54 - Opened mozilla browser
2017-07-17 14:52:39 INFO  TestBase:56 - Navigated to Seleniumeasy.com/test
2017-07-17 14:52:42 INFO  MainClass:501 - Slide value is incresed and Current value is:: 62
2017-07-17 14:52:42 INFO  MainClass:501 - Slide value is incresed and Current value is:: 50
2017-07-17 14:52:43 INFO  MainClass:501 - Slide value is incresed and Current value is:: 51
2017-07-17 14:52:43 INFO  MainClass:501 - Slide value is incresed and Current value is:: 50
2017-07-17 14:52:44 INFO  MainClass:501 - Slide value is incresed and Current value is:: 51
2017-07-17 14:52:44 INFO  MainClass:501 - Slide value is incresed and Current value is:: 50
2017-07-17 14:57:23 INFO  TestBase:54 - Opened mozilla browser
2017-07-17 14:57:23 INFO  TestBase:56 - Navigated to Seleniumeasy.com/test
2017-07-17 14:57:25 INFO  MainClass:501 - Slide value is incresed and Current value is:: 62
2017-07-17 14:57:31 INFO  MainClass:501 - Slide value is incresed and Current value is:: 50
2017-07-17 14:57:36 INFO  MainClass:501 - Slide value is incresed and Current value is:: 51
2017-07-17 14:57:42 INFO  MainClass:501 - Slide value is incresed and Current value is:: 50
2017-07-17 14:57:47 INFO  MainClass:501 - Slide value is incresed and Current value is:: 51
2017-07-17 14:57:53 INFO  MainClass:501 - Slide value is incresed and Current value is:: 50
2017-07-17 15:07:19 INFO  TestBase:54 - Opened mozilla browser
2017-07-17 15:07:19 INFO  TestBase:56 - Navigated to Seleniumeasy.com/test
2017-07-17 15:07:21 INFO  MainClass:504 - Slide value is incresed and Current value is:: 10
2017-07-17 15:07:26 INFO  MainClass:504 - Slide value is incresed and Current value is:: 50
2017-07-17 15:07:31 INFO  MainClass:504 - Slide value is incresed and Current value is:: 30
2017-07-17 15:07:36 INFO  MainClass:504 - Slide value is incresed and Current value is:: 50
2017-07-17 15:07:41 INFO  MainClass:504 - Slide value is incresed and Current value is:: 50
2017-07-17 15:07:47 INFO  MainClass:504 - Slide value is incresed and Current value is:: 50
2017-07-17 15:11:38 INFO  TestBase:54 - Opened mozilla browser
2017-07-17 15:11:38 INFO  TestBase:56 - Navigated to Seleniumeasy.com/test
2017-07-17 15:11:40 INFO  MainClass:504 - Slide value is incresed and Current value is:: 51
2017-07-17 15:11:45 INFO  MainClass:504 - Slide value is incresed and Current value is:: 50
2017-07-17 15:11:51 INFO  MainClass:504 - Slide value is incresed and Current value is:: 51
2017-07-17 15:11:56 INFO  MainClass:504 - Slide value is incresed and Current value is:: 50
2017-07-17 15:12:01 INFO  MainClass:504 - Slide value is incresed and Current value is:: 51
2017-07-17 15:12:06 INFO  MainClass:504 - Slide value is incresed and Current value is:: 50
2017-07-17 15:15:47 INFO  TestBase:54 - Opened mozilla browser
2017-07-17 15:15:47 INFO  TestBase:56 - Navigated to Seleniumeasy.com/test
2017-07-17 15:15:48 INFO  MainClass:504 - Slide value is incresed and Current value is:: 51
2017-07-17 15:15:54 INFO  MainClass:504 - Slide value is incresed and Current value is:: 50
2017-07-17 15:15:59 INFO  MainClass:504 - Slide value is incresed and Current value is:: 51
2017-07-17 15:16:04 INFO  MainClass:504 - Slide value is incresed and Current value is:: 50
2017-07-17 15:16:09 INFO  MainClass:504 - Slide value is incresed and Current value is:: 51
2017-07-17 15:16:15 INFO  MainClass:504 - Slide value is incresed and Current value is:: 50
2017-07-18 12:36:18 INFO  TestBase:54 - Opened mozilla browser
2017-07-18 12:36:18 INFO  TestBase:56 - Navigated to Seleniumeasy.com/test
2017-07-18 12:39:01 INFO  TestBase:54 - Opened mozilla browser
2017-07-18 12:39:01 INFO  TestBase:56 - Navigated to Seleniumeasy.com/test
2017-07-18 12:41:34 INFO  TestBase:54 - Opened mozilla browser
2017-07-18 12:41:34 INFO  TestBase:56 - Navigated to Seleniumeasy.com/test
2017-07-18 12:48:23 INFO  TestBase:54 - Opened mozilla browser
2017-07-18 12:48:23 INFO  TestBase:56 - Navigated to Seleniumeasy.com/test
2017-07-18 12:48:29 INFO  TestBase:77 - *****************InputFormSubmit Button is clicked*****************
2017-07-18 12:55:31 INFO  TestBase:54 - Opened mozilla browser
2017-07-18 12:55:31 INFO  TestBase:56 - Navigated to Seleniumeasy.com/test
2017-07-18 13:27:47 INFO  TestBase:54 - Opened mozilla browser
2017-07-18 13:27:47 INFO  TestBase:56 - Navigated to Seleniumeasy.com/test
2017-07-18 13:30:34 INFO  TestBase:54 - Opened mozilla browser
2017-07-18 13:30:34 INFO  TestBase:56 - Navigated to Seleniumeasy.com/test
2017-07-18 13:32:52 INFO  TestBase:54 - Opened mozilla browser
2017-07-18 13:32:52 INFO  TestBase:56 - Navigated to Seleniumeasy.com/test
2017-07-18 13:32:58 INFO  TestBase:77 - *****************InputFormSubmit Button is clicked*****************
2017-07-18 13:35:32 INFO  TestBase:54 - Opened mozilla browser
2017-07-18 13:35:32 INFO  TestBase:56 - Navigated to Seleniumeasy.com/test
2017-07-18 13:35:34 INFO  TestBase:88 - *****************InputFormSubmit Button is clicked*****************
2017-07-18 13:44:07 INFO  TestBase:54 - Opened mozilla browser
2017-07-18 13:44:07 INFO  TestBase:56 - Navigated to Seleniumeasy.com/test
2017-07-18 13:44:10 INFO  TestBase:88 - *****************InputFormSubmit Button is clicked*****************
2017-07-18 13:49:21 INFO  TestBase:54 - Opened mozilla browser
2017-07-18 13:49:21 INFO  TestBase:56 - Navigated to Seleniumeasy.com/test
2017-07-18 13:49:22 INFO  TestBase:88 - *****************InputFormSubmit Button is clicked in Validation Screen*****************
2017-07-18 13:49:23 INFO  TestBase:128 - *****************InputFormSubmit Button Error Validation is Completed*****************
2017-07-18 13:49:27 INFO  TestBase:77 - *****************InputFormSubmit Button is clicked*****************
2017-07-18 14:20:56 INFO  TestBase:54 - Opened mozilla browser
2017-07-18 14:20:56 INFO  TestBase:56 - Navigated to Seleniumeasy.com/test
2017-07-18 14:20:59 INFO  TestBase:88 - *****************InputFormSubmit Button is clicked in Validation Screen*****************
2017-07-18 14:21:00 INFO  TestBase:125 - *****************InputFormSubmit Button Error Validation is Completed*****************
2017-07-18 14:21:06 INFO  TestBase:79 - *****************InputFormSubmit Button is clicked*****************
2017-07-18 21:47:51 INFO  TestBase:54 - Opened mozilla browser
2017-07-18 21:47:51 INFO  TestBase:56 - Navigated to Seleniumeasy.com/test
2017-07-18 21:47:53 INFO  TestBase:90 - *****************InputFormSubmit Button is clicked in Validation Screen*****************
2017-07-18 21:47:54 INFO  TestBase:127 - *****************InputFormSubmit Button Error Validation is Completed*****************
2017-07-18 21:47:59 INFO  TestBase:79 - *****************InputFormSubmit Button is clicked*****************
2017-07-18 21:48:00 INFO  TestBase:65 - *****************AJAXForm Field Validation is over*****************
2017-07-18 21:48:07 INFO  TestBase:50 - *****************AJAXFormSubmit Flow is over*****************
2017-07-19 05:49:21 INFO  TestBase:60 - Opened mozilla browser
2017-07-19 05:49:21 INFO  TestBase:62 - Navigated to Seleniumeasy.com/test
2017-07-19 05:49:23 INFO  TestBase:90 - *****************InputFormSubmit Button is clicked in Validation Screen*****************
2017-07-19 05:49:24 INFO  TestBase:127 - *****************InputFormSubmit Button Error Validation is Completed*****************
2017-07-19 05:49:28 INFO  TestBase:79 - *****************InputFormSubmit Button is clicked*****************
2017-07-19 05:49:29 INFO  TestBase:65 - *****************AJAXForm Field Validation is over*****************
2017-07-19 05:49:36 INFO  TestBase:50 - *****************AJAXFormSubmit Flow is over*****************
2017-07-19 06:53:17 INFO  TestBase:60 - Opened mozilla browser
2017-07-19 06:53:17 INFO  TestBase:62 - Navigated to Seleniumeasy.com/test
2017-07-19 06:53:19 INFO  TestBase:90 - *****************InputFormSubmit Button is clicked in Validation Screen*****************
2017-07-19 06:53:20 INFO  TestBase:127 - *****************InputFormSubmit Button Error Validation is Completed*****************
2017-07-19 06:53:24 INFO  TestBase:79 - *****************InputFormSubmit Button is clicked*****************
2017-07-19 06:53:26 INFO  TestBase:65 - *****************AJAXForm Field Validation is over*****************
2017-07-19 06:53:32 INFO  TestBase:50 - *****************AJAXFormSubmit Flow is over*****************
2017-07-19 06:53:40 INFO  TestBase:60 - Opened mozilla browser
2017-07-19 06:53:40 INFO  TestBase:62 - Navigated to Seleniumeasy.com/test
2017-07-19 06:53:41 INFO  TestBase:65 - *****************AJAXForm Field Validation is over*****************
2017-07-19 06:53:47 INFO  TestBase:50 - *****************AJAXFormSubmit Flow is over*****************
2017-07-19 06:55:54 INFO  TestBase:60 - Opened mozilla browser
2017-07-19 06:55:54 INFO  TestBase:62 - Navigated to Seleniumeasy.com/test
2017-07-19 06:55:56 INFO  TestBase:90 - *****************InputFormSubmit Button is clicked in Validation Screen*****************
2017-07-19 06:55:57 INFO  TestBase:127 - *****************InputFormSubmit Button Error Validation is Completed*****************
2017-07-19 06:55:58 INFO  TestBase:65 - *****************AJAXForm Field Validation is over*****************
2017-07-19 06:56:04 INFO  TestBase:50 - *****************AJAXFormSubmit Flow is over*****************
2017-07-19 07:18:29 INFO  TestBase:60 - Opened mozilla browser
2017-07-19 07:18:29 INFO  TestBase:62 - Navigated to Seleniumeasy.com/test
2017-07-19 07:18:31 INFO  TestBase:90 - *****************InputFormSubmit Button is clicked in Validation Screen*****************
2017-07-19 07:18:32 INFO  TestBase:127 - *****************InputFormSubmit Button Error Validation is Completed*****************
2017-07-19 07:18:36 INFO  TestBase:79 - *****************InputFormSubmit Button is clicked*****************
2017-07-19 07:18:38 INFO  TestBase:65 - *****************AJAXForm Field Validation is over*****************
2017-07-19 07:18:44 INFO  TestBase:50 - *****************AJAXFormSubmit Flow is over*****************
2017-07-19 07:42:40 INFO  TestBase:60 - Opened mozilla browser
2017-07-19 07:42:40 INFO  TestBase:62 - Navigated to Seleniumeasy.com/test
2017-07-19 15:18:33 INFO  TestBase:71 - Opened mozilla browser
2017-07-19 15:18:33 INFO  TestBase:73 - Navigated to Seleniumeasy.com/test
2017-07-19 15:18:34 INFO  TestBase:98 - *****************InputFormSubmit Button is clicked in Validation Screen*****************
2017-07-19 15:18:35 INFO  TestBase:135 - *****************InputFormSubmit Button Error Validation is Completed*****************
2017-07-19 15:21:39 INFO  TestBase:71 - Opened mozilla browser
2017-07-19 15:21:39 INFO  TestBase:73 - Navigated to Seleniumeasy.com/test
2017-07-19 15:21:41 INFO  TestBase:98 - *****************InputFormSubmit Button is clicked in Validation Screen*****************
2017-07-19 15:21:41 INFO  TestBase:135 - *****************InputFormSubmit Button Error Validation is Completed*****************
2017-07-19 15:21:48 INFO  TestBase:87 - *****************InputFormSubmit Button is clicked*****************
2017-07-19 15:28:50 INFO  TestBase:71 - Opened mozilla browser
2017-07-19 15:28:50 INFO  TestBase:73 - Navigated to Seleniumeasy.com/test
2017-07-19 15:28:52 INFO  TestBase:98 - *****************InputFormSubmit Button is clicked in Validation Screen*****************
2017-07-19 15:28:53 INFO  TestBase:135 - *****************InputFormSubmit Button Error Validation is Completed*****************
2017-07-19 15:29:09 INFO  TestBase:87 - *****************InputFormSubmit Button is clicked*****************
2017-07-19 16:41:55 INFO  TestBase:71 - Opened mozilla browser
2017-07-19 16:41:55 INFO  TestBase:73 - Navigated to Seleniumeasy.com/test
2017-07-19 16:41:57 INFO  TestBase:102 - *****************InputFormSubmit Button is clicked in Validation Screen*****************
2017-07-19 16:41:58 INFO  TestBase:139 - *****************InputFormSubmit Button Error Validation is Completed*****************
2017-07-19 16:42:04 INFO  TestBase:91 - *****************InputFormSubmit Button is clicked*****************
2017-07-19 16:48:52 INFO  TestBase:71 - Opened mozilla browser
2017-07-19 16:48:52 INFO  TestBase:73 - Navigated to Seleniumeasy.com/test
2017-07-19 16:48:59 INFO  TestBase:91 - *****************InputFormSubmit Button is clicked*****************
2017-07-19 16:51:43 INFO  TestBase:71 - Opened mozilla browser
2017-07-19 16:51:43 INFO  TestBase:73 - Navigated to Seleniumeasy.com/test
2017-07-19 16:51:52 INFO  TestBase:91 - *****************InputFormSubmit Button is clicked*****************
2017-07-19 16:56:45 INFO  TestBase:71 - Opened mozilla browser
2017-07-19 16:56:45 INFO  TestBase:73 - Navigated to Seleniumeasy.com/test
2017-07-19 16:56:54 INFO  TestBase:91 - *****************InputFormSubmit Button is clicked*****************
2017-07-19 16:58:31 INFO  TestBase:71 - Opened mozilla browser
2017-07-19 16:58:31 INFO  TestBase:73 - Navigated to Seleniumeasy.com/test
2017-07-19 16:58:38 INFO  TestBase:91 - *****************InputFormSubmit Button is clicked*****************
2017-07-20 07:06:21 INFO  TestBase:75 - Opened mozilla browser
2017-07-20 07:06:21 INFO  TestBase:77 - Navigated to Seleniumeasy.com/test
2017-07-20 07:06:29 INFO  TestBase:91 - *****************InputFormSubmit Button is clicked*****************
2017-07-20 07:07:20 INFO  TestBase:75 - Opened mozilla browser
2017-07-20 07:07:20 INFO  TestBase:77 - Navigated to Seleniumeasy.com/test
2017-07-20 07:07:28 INFO  TestBase:91 - *****************InputFormSubmit Button is clicked*****************
2017-07-20 07:12:44 INFO  TestBase:75 - Opened mozilla browser
2017-07-20 07:12:44 INFO  TestBase:77 - Navigated to Seleniumeasy.com/test
2017-07-20 07:12:52 INFO  TestBase:90 - *****************InputFormSubmit Button is clicked*****************
2017-07-20 07:40:51 INFO  TestBase:75 - Opened mozilla browser
2017-07-20 07:40:51 INFO  TestBase:77 - Navigated to Seleniumeasy.com/test
2017-07-20 07:42:02 INFO  TestBase:75 - Opened mozilla browser
2017-07-20 07:42:02 INFO  TestBase:77 - Navigated to Seleniumeasy.com/test
2017-07-20 07:42:09 INFO  TestBase:91 - *****************InputFormSubmit Button is clicked*****************
2017-07-20 09:56:25 INFO  TestBase:75 - Opened mozilla browser
2017-07-20 09:56:25 INFO  TestBase:77 - Navigated to Seleniumeasy.com/test
2017-07-20 09:57:36 INFO  TestBase:75 - Opened mozilla browser
2017-07-20 09:57:36 INFO  TestBase:77 - Navigated to Seleniumeasy.com/test
2017-07-20 10:53:22 INFO  TestBase:75 - Opened mozilla browser
2017-07-20 10:53:22 INFO  TestBase:77 - Navigated to Seleniumeasy.com/test
2017-07-20 11:06:21 INFO  TestBase:75 - Opened mozilla browser
2017-07-20 11:06:21 INFO  TestBase:77 - Navigated to Seleniumeasy.com/test
2017-07-20 11:06:39 INFO  TestBase:75 - Opened mozilla browser
2017-07-20 11:06:39 INFO  TestBase:77 - Navigated to Seleniumeasy.com/test
2017-07-20 11:08:59 INFO  TestBase:75 - Opened mozilla browser
2017-07-20 11:08:59 INFO  TestBase:77 - Navigated to Seleniumeasy.com/test
2017-07-20 11:09:13 INFO  TestBase:75 - Opened mozilla browser
2017-07-20 11:09:13 INFO  TestBase:77 - Navigated to Seleniumeasy.com/test
2017-07-20 11:09:24 INFO  TestBase:75 - Opened mozilla browser
2017-07-20 11:09:24 INFO  TestBase:77 - Navigated to Seleniumeasy.com/test
2017-07-20 11:12:30 INFO  TestBase:75 - Opened mozilla browser
2017-07-20 11:12:30 INFO  TestBase:77 - Navigated to Seleniumeasy.com/test
2017-07-20 11:12:37 INFO  TestBase:125 - *****************InputFormSubmit Button is clicked Using DataProvider*****************
2017-07-20 11:12:47 INFO  TestBase:75 - Opened mozilla browser
2017-07-20 11:12:47 INFO  TestBase:77 - Navigated to Seleniumeasy.com/test
2017-07-20 11:12:55 INFO  TestBase:125 - *****************InputFormSubmit Button is clicked Using DataProvider*****************
2017-07-20 11:13:06 INFO  TestBase:75 - Opened mozilla browser
2017-07-20 11:13:06 INFO  TestBase:77 - Navigated to Seleniumeasy.com/test
2017-07-20 11:16:52 INFO  TestBase:75 - Opened mozilla browser
2017-07-20 11:16:52 INFO  TestBase:77 - Navigated to Seleniumeasy.com/test
2017-07-20 11:16:55 INFO  TestBase:136 - *****************InputFormSubmit Button is clicked in Validation Screen*****************
2017-07-20 11:16:56 INFO  TestBase:173 - *****************InputFormSubmit Button Error Validation is Completed*****************
2017-07-20 11:17:01 INFO  TestBase:125 - *****************InputFormSubmit Button is clicked Using DataProvider*****************
2017-07-20 11:17:02 INFO  TestBase:136 - *****************InputFormSubmit Button is clicked in Validation Screen*****************
2017-07-20 11:17:03 INFO  TestBase:173 - *****************InputFormSubmit Button Error Validation is Completed*****************
2017-07-20 11:17:07 INFO  TestBase:125 - *****************InputFormSubmit Button is clicked Using DataProvider*****************
2017-07-20 11:20:59 INFO  TestBase:75 - Opened mozilla browser
2017-07-20 11:20:59 INFO  TestBase:77 - Navigated to Seleniumeasy.com/test
2017-07-20 11:21:07 INFO  TestBase:125 - *****************InputFormSubmit Button is clicked Using DataProvider*****************
2017-07-20 11:21:12 INFO  TestBase:125 - *****************InputFormSubmit Button is clicked Using DataProvider*****************
2017-07-20 11:21:12 INFO  TestBase:136 - *****************InputFormSubmit Button is clicked in Validation Screen*****************
2017-07-20 11:21:17 INFO  TestBase:173 - *****************InputFormSubmit Button Error Validation is Completed*****************
2017-07-20 11:22:45 INFO  TestBase:75 - Opened mozilla browser
2017-07-20 11:22:45 INFO  TestBase:77 - Navigated to Seleniumeasy.com/test
2017-07-20 11:22:48 INFO  TestBase:136 - *****************InputFormSubmit Button is clicked in Validation Screen*****************
2017-07-20 11:22:48 INFO  TestBase:173 - *****************InputFormSubmit Button Error Validation is Completed*****************
2017-07-20 11:22:56 INFO  TestBase:125 - *****************InputFormSubmit Button is clicked Using DataProvider*****************
2017-07-20 11:23:12 INFO  TestBase:125 - *****************InputFormSubmit Button is clicked Using DataProvider*****************
2017-07-20 11:47:36 INFO  TestBase:75 - Opened mozilla browser
2017-07-20 11:47:36 INFO  TestBase:77 - Navigated to Seleniumeasy.com/test
2017-07-20 11:47:45 INFO  TestBase:133 - *****************InputFormSubmit Button is clicked in Validation Screen*****************
2017-07-20 11:47:46 INFO  TestBase:170 - *****************InputFormSubmit Button Error Validation is Completed*****************
2017-07-20 11:47:54 INFO  TestBase:122 - *****************InputFormSubmit Button is clicked Using DataProvider*****************
2017-07-20 11:48:02 INFO  TestBase:122 - *****************InputFormSubmit Button is clicked Using DataProvider*****************
2017-07-20 11:48:17 INFO  TestBase:54 - *****************AJAXForm Submit has some issue*****************
2017-07-20 13:16:48 INFO  TestBase:75 - Opened mozilla browser
2017-07-20 13:16:48 INFO  TestBase:77 - Navigated to Seleniumeasy.com/test
2017-07-20 13:16:50 INFO  TestBase:133 - *****************InputFormSubmit Button is clicked in Validation Screen*****************
2017-07-20 13:16:50 INFO  TestBase:170 - *****************InputFormSubmit Button Error Validation is Completed*****************
2017-07-20 13:16:57 INFO  TestBase:122 - *****************InputFormSubmit Button is clicked Using DataProvider*****************
2017-07-20 13:17:01 INFO  TestBase:122 - *****************InputFormSubmit Button is clicked Using DataProvider*****************
2017-07-20 13:17:02 INFO  TestBase:64 - *****************AJAXForm Field Validation is over*****************
2017-07-20 13:17:09 INFO  TestBase:51 - *****************AJAXFormSubmit Flow is over*****************
2017-07-20 14:33:09 INFO  TestBase:75 - Opened mozilla browser
2017-07-20 14:33:09 INFO  TestBase:77 - Navigated to Seleniumeasy.com/test
2017-07-20 14:33:11 INFO  TestBase:64 - *****************AJAXForm Field Validation is over*****************
2017-07-20 14:33:19 INFO  TestBase:51 - *****************AJAXFormSubmit Flow is over*****************
2017-07-20 14:53:43 INFO  TestBase:75 - Opened mozilla browser
2017-07-20 14:53:43 INFO  TestBase:77 - Navigated to Seleniumeasy.com/test
2017-07-20 14:53:45 INFO  TestBase:68 - *****************AJAXForm Field Validation is over*****************
2017-07-20 14:58:07 INFO  TestBase:75 - Opened mozilla browser
2017-07-20 14:58:07 INFO  TestBase:77 - Navigated to Seleniumeasy.com/test
2017-07-20 14:58:11 INFO  TestBase:133 - *****************InputFormSubmit Button is clicked in Validation Screen*****************
2017-07-20 14:58:11 INFO  TestBase:170 - *****************InputFormSubmit Button Error Validation is Completed*****************
2017-07-20 14:58:22 INFO  TestBase:122 - *****************InputFormSubmit Button is clicked Using DataProvider*****************
2017-07-20 14:58:27 INFO  TestBase:122 - *****************InputFormSubmit Button is clicked Using DataProvider*****************
2017-07-20 14:58:29 INFO  TestBase:68 - *****************AJAXForm Field Validation is over*****************
2017-07-20 14:58:36 INFO  TestBase:55 - *****************AJAXFormSubmit Flow is over*****************
2017-07-20 15:19:26 INFO  TestBase:75 - Opened mozilla browser
2017-07-20 15:19:26 INFO  TestBase:77 - Navigated to Seleniumeasy.com/test
2017-07-20 15:19:34 INFO  TestBase:122 - *****************InputFormSubmit Button is clicked Using DataProvider*****************
2017-07-20 15:19:39 INFO  TestBase:122 - *****************InputFormSubmit Button is clicked Using DataProvider*****************
2017-07-20 15:19:39 INFO  TestBase:133 - *****************InputFormSubmit Button is clicked in Validation Screen*****************
2017-07-20 15:19:49 INFO  TestBase:170 - *****************InputFormSubmit Button Error Validation is Completed*****************
2017-07-20 15:19:49 INFO  TestBase:22 - PageObject created
2017-07-20 15:19:50 INFO  TestBase:69 - *****************AJAXForm Field Validation is over*****************
2017-07-20 15:19:57 INFO  TestBase:56 - *****************AJAXFormSubmit Flow is over*****************
2017-07-20 15:23:33 INFO  TestBase:75 - Opened mozilla browser
2017-07-20 15:23:33 INFO  TestBase:77 - Navigated to Seleniumeasy.com/test
2017-07-20 15:23:41 INFO  TestBase:122 - *****************InputFormSubmit Button is clicked Using DataProvider*****************
2017-07-20 15:23:45 INFO  TestBase:122 - *****************InputFormSubmit Button is clicked Using DataProvider*****************
2017-07-20 15:23:46 INFO  TestBase:133 - *****************InputFormSubmit Button is clicked in Validation Screen*****************
2017-07-20 15:23:56 INFO  TestBase:170 - *****************InputFormSubmit Button Error Validation is Completed*****************
2017-07-20 15:23:56 INFO  TestBase:22 - PageObject created
2017-07-20 15:23:57 INFO  TestBase:39 - ************AjaxForm is launched***********
2017-07-20 15:23:57 INFO  TestBase:69 - *****************AJAXForm Field Validation is over*****************
2017-07-20 15:24:04 INFO  TestBase:56 - *****************AJAXFormSubmit Flow is over*****************
2017-07-20 15:30:37 INFO  TestBase:75 - Opened mozilla browser
2017-07-20 15:30:37 INFO  TestBase:77 - Navigated to Seleniumeasy.com/test
2017-07-20 15:30:46 INFO  TestBase:122 - *****************InputFormSubmit Button is clicked Using DataProvider*****************
2017-07-20 15:30:51 INFO  TestBase:122 - *****************InputFormSubmit Button is clicked Using DataProvider*****************
2017-07-20 15:30:52 INFO  TestBase:133 - *****************InputFormSubmit Button is clicked in Validation Screen*****************
2017-07-20 15:31:02 INFO  TestBase:170 - *****************InputFormSubmit Button Error Validation is Completed*****************
2017-07-20 15:31:02 INFO  TestBase:22 - PageObject created
2017-07-20 15:31:03 INFO  TestBase:40 - ************AjaxForm is launched***********
2017-07-20 15:31:03 INFO  TestBase:65 - ********Inside Ajax Validation screen
2017-07-20 15:31:03 INFO  TestBase:71 - *****************AJAXForm Field Validation is over*****************
2017-07-20 15:31:10 INFO  TestBase:57 - *****************AJAXFormSubmit Flow is over*****************
2017-07-20 15:40:05 INFO  TestBase:75 - Opened mozilla browser
2017-07-20 15:40:05 INFO  TestBase:77 - Navigated to Seleniumeasy.com/test
2017-07-20 15:40:13 INFO  TestBase:122 - *****************InputFormSubmit Button is clicked Using DataProvider*****************
2017-07-20 15:40:17 INFO  TestBase:122 - *****************InputFormSubmit Button is clicked Using DataProvider*****************
2017-07-20 15:40:17 INFO  TestBase:133 - *****************InputFormSubmit Button is clicked in Validation Screen*****************
2017-07-20 15:40:28 INFO  TestBase:170 - *****************InputFormSubmit Button Error Validation is Completed*****************
2017-07-20 15:40:28 INFO  TestBase:22 - PageObject created
2017-07-20 15:40:28 INFO  TestBase:42 - ************AjaxForm is launched***********
2017-07-20 15:40:35 INFO  TestBase:59 - *****************AJAXFormSubmit Flow is over*****************
2017-07-20 15:58:51 INFO  TestBase:75 - Opened mozilla browser
2017-07-20 15:58:51 INFO  TestBase:77 - Navigated to Seleniumeasy.com/test
2017-07-20 15:59:01 INFO  TestBase:122 - *****************InputFormSubmit Button is clicked Using DataProvider*****************
2017-07-20 15:59:05 INFO  TestBase:122 - *****************InputFormSubmit Button is clicked Using DataProvider*****************
2017-07-20 15:59:06 INFO  TestBase:133 - *****************InputFormSubmit Button is clicked in Validation Screen*****************
2017-07-20 15:59:16 INFO  TestBase:170 - *****************InputFormSubmit Button Error Validation is Completed*****************
2017-07-20 15:59:16 INFO  TestBase:22 - PageObject created
2017-07-20 15:59:17 INFO  TestBase:42 - ************AjaxForm is launched***********
2017-07-20 15:59:17 INFO  TestBase:67 - ********Inside Ajax Validation screen
2017-07-20 15:59:17 INFO  TestBase:73 - *****************AJAXForm Field Validation is over*****************
2017-07-20 15:59:24 INFO  TestBase:59 - *****************AJAXFormSubmit Flow is over*****************
2017-07-20 16:05:07 INFO  TestBase:75 - Opened mozilla browser
2017-07-20 16:05:07 INFO  TestBase:77 - Navigated to Seleniumeasy.com/test
2017-07-20 16:05:15 INFO  TestBase:122 - *****************InputFormSubmit Button is clicked Using DataProvider*****************
2017-07-20 16:05:20 INFO  TestBase:122 - *****************InputFormSubmit Button is clicked Using DataProvider*****************
2017-07-20 16:05:21 INFO  TestBase:133 - *****************InputFormSubmit Button is clicked in Validation Screen*****************
2017-07-20 16:05:31 INFO  TestBase:170 - *****************InputFormSubmit Button Error Validation is Completed*****************
2017-07-20 16:05:31 INFO  TestBase:22 - PageObject created
2017-07-20 16:05:36 INFO  TestBase:42 - ************AjaxForm is launched***********
2017-07-20 16:05:36 INFO  TestBase:67 - ********Inside Ajax Validation screen
2017-07-20 16:18:17 INFO  TestBase:75 - Opened mozilla browser
2017-07-20 16:18:17 INFO  TestBase:77 - Navigated to Seleniumeasy.com/test
2017-07-20 16:18:42 INFO  TestBase:122 - *****************InputFormSubmit Button is clicked Using DataProvider*****************
2017-07-20 16:18:48 INFO  TestBase:122 - *****************InputFormSubmit Button is clicked Using DataProvider*****************
2017-07-20 16:18:48 INFO  TestBase:133 - *****************InputFormSubmit Button is clicked in Validation Screen*****************
2017-07-20 16:18:58 INFO  TestBase:170 - *****************InputFormSubmit Button Error Validation is Completed*****************
2017-07-20 16:18:58 INFO  TestBase:22 - PageObject created
2017-07-20 16:19:03 INFO  TestBase:42 - ************AjaxForm is launched***********
2017-07-20 16:19:03 INFO  TestBase:69 - ********Inside Ajax Validation screen****************
2017-07-20 16:48:17 INFO  TestBase:75 - Opened mozilla browser
2017-07-20 16:48:17 INFO  TestBase:77 - Navigated to Seleniumeasy.com/test
2017-07-20 16:48:26 INFO  TestBase:122 - *****************InputFormSubmit Button is clicked Using DataProvider*****************
2017-07-20 16:48:31 INFO  TestBase:122 - *****************InputFormSubmit Button is clicked Using DataProvider*****************
2017-07-20 16:48:31 INFO  TestBase:133 - *****************InputFormSubmit Button is clicked in Validation Screen*****************
2017-07-20 16:48:41 INFO  TestBase:170 - *****************InputFormSubmit Button Error Validation is Completed*****************
2017-07-20 16:48:41 INFO  TestBase:22 - PageObject created
2017-07-20 16:48:44 INFO  TestBase:42 - ************AjaxForm is launched***********
2017-07-20 16:48:44 INFO  TestBase:69 - ********Inside Ajax Validation screen****************
2017-07-20 16:49:53 INFO  TestBase:75 - Opened mozilla browser
2017-07-20 16:49:53 INFO  TestBase:77 - Navigated to Seleniumeasy.com/test
2017-07-20 16:50:02 INFO  TestBase:122 - *****************InputFormSubmit Button is clicked Using DataProvider*****************
2017-07-20 16:50:07 INFO  TestBase:122 - *****************InputFormSubmit Button is clicked Using DataProvider*****************
2017-07-20 16:50:08 INFO  TestBase:133 - *****************InputFormSubmit Button is clicked in Validation Screen*****************
2017-07-20 16:50:18 INFO  TestBase:170 - *****************InputFormSubmit Button Error Validation is Completed*****************
2017-07-20 16:50:18 INFO  TestBase:22 - PageObject created
2017-07-20 16:50:22 INFO  TestBase:42 - ************AjaxForm is launched***********
2017-07-20 16:50:22 INFO  TestBase:69 - ********Inside Ajax Validation screen****************
2017-07-20 16:50:22 INFO  TestBase:77 - *****************AJAXForm Field Validation is over*****************
2017-07-20 16:50:29 INFO  TestBase:61 - *****************AJAXFormSubmit Flow is over*****************
2017-07-20 21:40:12 INFO  TestBase:75 - Opened mozilla browser
2017-07-20 21:40:12 INFO  TestBase:77 - Navigated to Seleniumeasy.com/test
2017-07-20 21:40:21 INFO  TestBase:122 - *****************InputFormSubmit Button is clicked Using DataProvider*****************
2017-07-20 21:40:25 INFO  TestBase:122 - *****************InputFormSubmit Button is clicked Using DataProvider*****************
2017-07-20 21:40:26 INFO  TestBase:133 - *****************InputFormSubmit Button is clicked in Validation Screen*****************
2017-07-20 21:40:36 INFO  TestBase:170 - *****************InputFormSubmit Button Error Validation is Completed*****************
2017-07-20 21:40:36 INFO  TestBase:22 - PageObject created
2017-07-20 21:40:37 INFO  TestBase:42 - ************AjaxForm is launched***********
2017-07-20 21:40:37 INFO  TestBase:69 - ********Inside Ajax Validation screen****************
2017-07-20 21:40:37 INFO  TestBase:77 - *****************AJAXForm Field Validation is over*****************
2017-07-20 21:40:44 INFO  TestBase:61 - *****************AJAXFormSubmit Flow is over*****************
2017-07-20 22:11:29 INFO  TestBase:75 - Opened mozilla browser
2017-07-20 22:11:29 INFO  TestBase:77 - Navigated to Seleniumeasy.com/test
2017-07-20 22:11:37 INFO  TestBase:122 - *****************InputFormSubmit Button is clicked Using DataProvider*****************
2017-07-20 22:11:42 INFO  TestBase:122 - *****************InputFormSubmit Button is clicked Using DataProvider*****************
2017-07-20 22:11:43 INFO  TestBase:133 - *****************InputFormSubmit Button is clicked in Validation Screen*****************
2017-07-20 22:11:53 INFO  TestBase:170 - *****************InputFormSubmit Button Error Validation is Completed*****************
2017-07-20 22:11:53 INFO  TestBase:22 - PageObject created
2017-07-20 22:11:54 INFO  TestBase:42 - ************AjaxForm is launched***********
2017-07-20 22:11:54 INFO  TestBase:69 - ********Inside Ajax Validation screen****************
2017-07-20 22:11:54 INFO  TestBase:77 - *****************AJAXForm Field Validation is over*****************
2017-07-20 22:12:01 INFO  TestBase:61 - *****************AJAXFormSubmit Flow is over*****************
2017-07-20 22:12:49 INFO  TestBase:75 - Opened mozilla browser
2017-07-20 22:12:49 INFO  TestBase:77 - Navigated to Seleniumeasy.com/test
2017-07-20 22:12:58 INFO  TestBase:122 - *****************InputFormSubmit Button is clicked Using DataProvider*****************
2017-07-20 22:13:02 INFO  TestBase:122 - *****************InputFormSubmit Button is clicked Using DataProvider*****************
2017-07-20 22:13:03 INFO  TestBase:133 - *****************InputFormSubmit Button is clicked in Validation Screen*****************
2017-07-20 22:13:13 INFO  TestBase:170 - *****************InputFormSubmit Button Error Validation is Completed*****************
2017-07-20 22:13:13 INFO  TestBase:22 - PageObject created
2017-07-20 22:13:14 INFO  TestBase:42 - ************AjaxForm is launched***********
2017-07-20 22:13:14 INFO  TestBase:69 - ********Inside Ajax Validation screen****************
2017-07-20 22:13:14 INFO  TestBase:77 - *****************AJAXForm Field Validation is over*****************
2017-07-20 22:13:20 INFO  TestBase:61 - *****************AJAXFormSubmit Flow is over*****************
2017-07-20 22:14:22 INFO  TestBase:75 - Opened mozilla browser
2017-07-20 22:14:22 INFO  TestBase:77 - Navigated to Seleniumeasy.com/test
2017-07-20 22:14:31 INFO  TestBase:122 - *****************InputFormSubmit Button is clicked Using DataProvider*****************
2017-07-20 22:14:36 INFO  TestBase:122 - *****************InputFormSubmit Button is clicked Using DataProvider*****************
2017-07-20 22:14:36 INFO  TestBase:133 - *****************InputFormSubmit Button is clicked in Validation Screen*****************
2017-07-20 22:14:46 INFO  TestBase:170 - *****************InputFormSubmit Button Error Validation is Completed*****************
2017-07-20 22:14:46 INFO  TestBase:22 - PageObject created
2017-07-20 22:14:47 INFO  TestBase:42 - ************AjaxForm is launched***********
2017-07-20 22:14:47 INFO  TestBase:69 - ********Inside Ajax Validation screen****************
2017-07-20 22:14:48 INFO  TestBase:77 - *****************AJAXForm Field Validation is over*****************
2017-07-20 22:14:54 INFO  TestBase:61 - *****************AJAXFormSubmit Flow is over*****************
2017-07-21 11:16:54 INFO  TestBase:84 - Opened mozilla browser
2017-07-21 11:16:54 INFO  TestBase:86 - Navigated to Seleniumeasy.com/test
2017-07-21 11:16:54 INFO  TestBase:23 - PageObject created
2017-07-21 11:16:55 INFO  TestBase:42 - ************AjaxForm is launched***********
2017-07-21 11:16:55 INFO  TestBase:69 - ********Inside Ajax Validation screen****************
2017-07-21 11:46:09 INFO  TestBase:84 - Opened mozilla browser
2017-07-21 11:46:09 INFO  TestBase:86 - Navigated to Seleniumeasy.com/test
2017-07-21 11:46:09 INFO  TestBase:23 - PageObject created
2017-07-21 11:46:10 INFO  TestBase:42 - ************AjaxForm is launched***********
2017-07-21 11:46:10 INFO  TestBase:69 - ********Inside Ajax Validation screen****************
2017-07-21 13:03:49 INFO  TestBase:84 - Opened mozilla browser
2017-07-21 13:03:49 INFO  TestBase:86 - Navigated to Seleniumeasy.com/test
2017-07-21 13:03:59 INFO  TestBase:122 - *****************InputFormSubmit Button is clicked Using DataProvider*****************
2017-07-21 13:04:04 INFO  TestBase:122 - *****************InputFormSubmit Button is clicked Using DataProvider*****************
2017-07-21 13:04:04 INFO  TestBase:133 - *****************InputFormSubmit Button is clicked in Validation Screen*****************
2017-07-21 13:04:14 INFO  TestBase:170 - *****************InputFormSubmit Button Error Validation is Completed*****************
2017-07-21 13:04:14 INFO  TestBase:23 - PageObject created
2017-07-21 13:04:15 INFO  TestBase:42 - ************AjaxForm is launched***********
2017-07-21 13:04:15 INFO  TestBase:69 - ********Inside Ajax Validation screen****************
2017-07-21 14:03:13 INFO  TestBase:84 - Opened mozilla browser
2017-07-21 14:03:13 INFO  TestBase:86 - Navigated to Seleniumeasy.com/test
2017-07-21 14:03:22 INFO  TestBase:122 - *****************InputFormSubmit Button is clicked Using DataProvider*****************
2017-07-21 14:03:26 INFO  TestBase:122 - *****************InputFormSubmit Button is clicked Using DataProvider*****************
2017-07-21 14:03:27 INFO  TestBase:133 - *****************InputFormSubmit Button is clicked in Validation Screen*****************
2017-07-21 14:03:37 INFO  TestBase:170 - *****************InputFormSubmit Button Error Validation is Completed*****************
2017-07-21 14:03:37 INFO  TestBase:23 - PageObject created
2017-07-21 14:03:38 INFO  TestBase:42 - ************AjaxForm is launched***********
2017-07-21 14:03:38 INFO  TestBase:69 - ********Inside Ajax Validation screen****************
2017-07-21 14:04:46 INFO  TestBase:84 - Opened mozilla browser
2017-07-21 14:04:46 INFO  TestBase:86 - Navigated to Seleniumeasy.com/test
2017-07-21 14:04:46 INFO  TestBase:23 - PageObject created
2017-07-21 14:04:46 INFO  TestBase:42 - ************AjaxForm is launched***********
2017-07-21 14:04:46 INFO  TestBase:69 - ********Inside Ajax Validation screen****************
2017-07-21 15:11:13 INFO  TestBase:89 - Opened mozilla browser
2017-07-21 15:11:13 INFO  TestBase:91 - Navigated to Seleniumeasy.com/test
2017-07-21 15:11:14 INFO  TestBase:23 - PageObject created
2017-07-21 15:11:14 INFO  TestBase:164 - Screenshot taken
2017-07-21 15:15:19 INFO  TestBase:89 - Opened mozilla browser
2017-07-21 15:15:19 INFO  TestBase:91 - Navigated to Seleniumeasy.com/test
2017-07-21 15:15:19 INFO  TestBase:22 - PageObject created
2017-07-21 15:15:19 INFO  TestBase:164 - Screenshot taken
2017-07-21 16:15:26 INFO  TestBase:89 - Opened mozilla browser
2017-07-21 16:15:26 INFO  TestBase:91 - Navigated to Seleniumeasy.com/test
2017-07-21 16:15:26 INFO  TestBase:22 - PageObject created
2017-07-21 16:15:28 INFO  TestBase:46 - ************AjaxForm is launched***********
2017-07-21 16:15:28 INFO  TestBase:70 - ********Inside Ajax Validation screen****************
2017-07-21 16:15:28 INFO  TestBase:78 - *****************AJAXForm Field Validation is over*****************
2017-07-21 16:15:34 INFO  TestBase:60 - *****************AJAXFormSubmit Flow is over*****************
2017-07-21 16:17:22 INFO  TestBase:89 - Opened mozilla browser
2017-07-21 16:17:22 INFO  TestBase:91 - Navigated to Seleniumeasy.com/test
2017-07-21 16:17:22 INFO  TestBase:22 - PageObject created
2017-07-21 16:17:23 INFO  TestBase:46 - ************AjaxForm is launched***********
2017-07-21 16:17:23 INFO  TestBase:70 - ********Inside Ajax Validation screen****************
2017-07-21 16:17:24 INFO  TestBase:78 - *****************AJAXForm Field Validation is over*****************
2017-07-21 16:17:30 INFO  TestBase:64 - *****************AJAXForm Submit has some issue*****************
2017-07-21 16:19:31 INFO  TestBase:89 - Opened mozilla browser
2017-07-21 16:19:31 INFO  TestBase:91 - Navigated to Seleniumeasy.com/test
2017-07-21 16:19:31 INFO  TestBase:24 - PageObject created
2017-07-21 16:19:33 INFO  TestBase:46 - ************AjaxForm is launched***********
2017-07-21 16:19:33 INFO  TestBase:70 - ********Inside Ajax Validation screen****************
2017-07-21 16:19:33 INFO  TestBase:78 - *****************AJAXForm Field Validation is over*****************
2017-07-21 16:19:40 INFO  TestBase:64 - *****************AJAXForm Submit has some issue*****************
2017-07-21 16:25:29 INFO  TestBase:89 - Opened mozilla browser
2017-07-21 16:25:29 INFO  TestBase:91 - Navigated to Seleniumeasy.com/test
2017-07-21 16:25:29 INFO  TestBase:25 - PageObject created
2017-07-21 16:25:30 INFO  TestBase:46 - ************AjaxForm is launched***********
2017-07-21 16:25:30 INFO  TestBase:70 - ********Inside Ajax Validation screen****************
2017-07-21 16:25:31 INFO  TestBase:78 - *****************AJAXForm Field Validation is over*****************
2017-07-21 16:25:37 INFO  TestBase:64 - *****************AJAXForm Submit has some issue*****************
2017-07-21 16:41:12 INFO  TestBase:89 - Opened mozilla browser
2017-07-21 16:41:12 INFO  TestBase:91 - Navigated to Seleniumeasy.com/test
2017-07-21 16:41:12 INFO  TestBase:25 - PageObject created
2017-07-21 16:41:14 INFO  TestBase:164 - Screenshot taken
2017-07-21 20:20:08 INFO  TestBase:89 - Opened mozilla browser
2017-07-21 20:20:08 INFO  TestBase:91 - Navigated to Seleniumeasy.com/test
2017-07-21 20:20:08 INFO  TestBase:25 - PageObject created
2017-07-21 20:41:13 INFO  TestBase:164 - Screenshot taken
2017-07-21 20:42:14 INFO  TestBase:89 - Opened mozilla browser
2017-07-21 20:42:14 INFO  TestBase:91 - Navigated to Seleniumeasy.com/test
2017-07-21 20:42:14 INFO  TestBase:25 - PageObject created
2017-07-21 20:46:12 INFO  TestBase:164 - Screenshot taken
2017-07-22 10:03:44 INFO  TestBase:89 - Opened mozilla browser
2017-07-22 10:03:44 INFO  TestBase:91 - Navigated to Seleniumeasy.com/test
2017-07-22 10:03:44 INFO  TestBase:25 - PageObject created
2017-07-22 10:03:46 INFO  TestBase:164 - Screenshot taken
2017-07-22 10:04:39 INFO  TestBase:89 - Opened mozilla browser
2017-07-22 10:04:39 INFO  TestBase:91 - Navigated to Seleniumeasy.com/test
2017-07-22 10:04:39 INFO  TestBase:25 - PageObject created
2017-07-22 10:04:40 INFO  TestBase:164 - Screenshot taken
2017-07-22 10:10:35 INFO  TestBase:89 - Opened mozilla browser
2017-07-22 10:10:35 INFO  TestBase:91 - Navigated to Seleniumeasy.com/test
2017-07-22 10:10:35 INFO  TestBase:25 - PageObject created
2017-07-22 10:10:36 INFO  TestBase:47 - ************AjaxForm is launched***********
2017-07-22 10:10:37 INFO  TestBase:73 - ********Inside Ajax Validation screen****************
2017-07-22 10:10:38 INFO  TestBase:81 - *****************AJAXForm Field Validation is over*****************
2017-07-22 10:10:45 INFO  TestBase:63 - *****************AJAXFormSubmit Flow is over*****************
2017-07-22 10:10:45 INFO  TestBase:164 - Screenshot taken
2017-07-22 11:46:23 INFO  TestBase:89 - Opened mozilla browser
2017-07-22 11:46:23 INFO  TestBase:91 - Navigated to Seleniumeasy.com/test
2017-07-22 11:46:23 INFO  TestBase:25 - PageObject created
2017-07-22 11:46:29 INFO  TestBase:44 - ************AjaxForm is launched***********
2017-07-22 11:46:29 INFO  TestBase:71 - ********Inside Ajax Validation screen****************
2017-07-22 11:46:40 INFO  TestBase:164 - Screenshot taken
2017-07-22 11:54:28 INFO  TestBase:89 - Opened mozilla browser
2017-07-22 11:54:28 INFO  TestBase:91 - Navigated to Seleniumeasy.com/test
2017-07-22 11:54:28 INFO  TestBase:25 - PageObject created
2017-07-22 11:54:29 INFO  TestBase:44 - ************AjaxForm is launched***********
2017-07-22 11:54:29 INFO  TestBase:71 - ********Inside Ajax Validation screen****************
2017-07-22 11:54:29 INFO  TestBase:79 - *****************AJAXForm Field Validation is over*****************
2017-07-22 11:56:34 INFO  TestBase:89 - Opened mozilla browser
2017-07-22 11:56:34 INFO  TestBase:91 - Navigated to Seleniumeasy.com/test
2017-07-22 11:56:34 INFO  TestBase:25 - PageObject created
2017-07-22 11:56:40 INFO  TestBase:44 - ************AjaxForm is launched***********
2017-07-22 11:56:40 INFO  TestBase:71 - ********Inside Ajax Validation screen****************
2017-07-22 11:56:46 INFO  TestBase:79 - *****************AJAXForm Field Validation is over*****************
2017-07-22 12:41:04 INFO  TestBase:89 - Opened mozilla browser
2017-07-22 12:41:04 INFO  TestBase:91 - Navigated to Seleniumeasy.com/test
2017-07-22 12:41:04 INFO  TestBase:31 - PageObject created
2017-07-22 12:41:21 INFO  TestBase:44 - ************AjaxForm is launched***********
2017-07-22 12:41:21 INFO  TestBase:71 - ********Inside Ajax Validation screen****************
2017-07-22 12:41:21 INFO  TestBase:79 - *****************AJAXForm Field Validation is over*****************
2017-07-22 12:45:49 INFO  TestBase:89 - Opened mozilla browser
2017-07-22 12:45:49 INFO  TestBase:91 - Navigated to Seleniumeasy.com/test
2017-07-22 12:45:49 INFO  TestBase:31 - PageObject created
2017-07-22 12:45:50 INFO  TestBase:44 - ************AjaxForm is launched***********
2017-07-22 12:45:50 INFO  TestBase:71 - ********Inside Ajax Validation screen****************
2017-07-22 12:45:50 INFO  TestBase:79 - *****************AJAXForm Field Validation is over*****************
2017-07-22 12:47:34 INFO  TestBase:89 - Opened mozilla browser
2017-07-22 12:47:34 INFO  TestBase:91 - Navigated to Seleniumeasy.com/test
2017-07-22 12:47:34 INFO  TestBase:31 - PageObject created
2017-07-22 12:47:37 INFO  TestBase:44 - ************AjaxForm is launched***********
2017-07-22 12:47:37 INFO  TestBase:70 - ********Inside Ajax Validation screen****************
2017-07-22 12:47:37 INFO  TestBase:78 - *****************AJAXForm Field Validation is over*****************
2017-07-22 14:49:16 INFO  TestBase:89 - Opened mozilla browser
2017-07-22 14:49:16 INFO  TestBase:91 - Navigated to Seleniumeasy.com/test
2017-07-22 14:49:16 INFO  TestBase:32 - PageObject created
2017-07-22 14:49:17 INFO  TestBase:44 - ************AjaxForm is launched***********
2017-07-22 14:49:17 INFO  TestBase:71 - ********Inside Ajax Validation screen****************
2017-07-22 14:49:17 INFO  TestBase:79 - *****************AJAXForm Field Validation is over*****************
2017-07-22 15:02:15 INFO  TestBase:89 - Opened mozilla browser
2017-07-22 15:02:15 INFO  TestBase:91 - Navigated to Seleniumeasy.com/test
2017-07-22 15:02:28 INFO  TestBase:122 - *****************InputFormSubmit Button is clicked Using DataProvider*****************
2017-07-22 15:02:33 INFO  TestBase:122 - *****************InputFormSubmit Button is clicked Using DataProvider*****************
2017-07-22 15:02:33 INFO  TestBase:133 - *****************InputFormSubmit Button is clicked in Validation Screen*****************
2017-07-22 15:02:43 INFO  TestBase:170 - *****************InputFormSubmit Button Error Validation is Completed*****************
2017-07-22 15:02:43 INFO  TestBase:32 - PageObject created
2017-07-22 15:02:44 INFO  TestBase:44 - ************AjaxForm is launched***********
2017-07-22 15:02:44 INFO  TestBase:71 - ********Inside Ajax Validation screen****************
2017-07-22 15:02:44 INFO  TestBase:79 - *****************AJAXForm Field Validation is over*****************
2017-07-22 20:03:39 INFO  TestBase:94 - Opened mozilla browser
2017-07-22 20:03:39 INFO  TestBase:96 - Navigated to Seleniumeasy.com/test
2017-07-22 20:03:39 INFO  TestBase:29 - PageObject created
2017-07-22 20:03:40 INFO  TestBase:44 - ************AjaxForm is launched***********
2017-07-22 20:03:47 INFO  TestBase:71 - ********Inside Ajax Validation screen****************
2017-07-22 20:17:01 INFO  TestBase:94 - Opened mozilla browser
2017-07-22 20:17:01 INFO  TestBase:96 - Navigated to Seleniumeasy.com/test
2017-07-22 20:17:01 INFO  TestBase:29 - PageObject created
2017-07-22 20:17:02 INFO  TestBase:44 - ************AjaxForm is launched***********
2017-07-22 20:17:02 INFO  TestBase:71 - ********Inside Ajax Validation screen****************
2017-07-22 20:17:02 INFO  TestBase:79 - *****************AJAXForm Field Validation is over*****************
2017-07-22 20:33:56 INFO  TestBase:94 - Opened mozilla browser
2017-07-22 20:33:56 INFO  TestBase:96 - Navigated to Seleniumeasy.com/test
2017-07-22 20:33:56 INFO  TestBase:29 - PageObject created
2017-07-22 20:33:57 INFO  TestBase:44 - ************AjaxForm is launched***********
2017-07-22 20:33:57 INFO  TestBase:71 - ********Inside Ajax Validation screen****************
2017-07-22 20:34:08 INFO  TestBase:169 - Screenshot taken
2017-07-22 20:44:55 INFO  TestBase:94 - Opened mozilla browser
2017-07-22 20:44:55 INFO  TestBase:96 - Navigated to Seleniumeasy.com/test
2017-07-22 20:44:55 INFO  TestBase:29 - PageObject created
2017-07-22 20:44:56 INFO  TestBase:44 - ************AjaxForm is launched***********
2017-07-22 20:44:56 INFO  TestBase:71 - ********Inside Ajax Validation screen****************
2017-07-22 20:44:56 INFO  TestBase:79 - *****************AJAXForm Field Validation is over*****************
2017-07-22 21:18:12 INFO  TestBase:94 - Opened mozilla browser
2017-07-22 21:18:12 INFO  TestBase:96 - Navigated to Seleniumeasy.com/test
2017-07-22 21:18:20 INFO  TestBase:125 - *****************InputFormSubmit Button is clicked Using DataProvider*****************
2017-07-22 21:18:25 INFO  TestBase:125 - *****************InputFormSubmit Button is clicked Using DataProvider*****************
2017-07-22 21:18:25 INFO  TestBase:136 - *****************InputFormSubmit Button is clicked in Validation Screen*****************
2017-07-22 21:18:36 INFO  TestBase:173 - *****************InputFormSubmit Button Error Validation is Completed*****************
2017-07-22 21:27:58 INFO  TestBase:94 - Opened mozilla browser
2017-07-22 21:27:58 INFO  TestBase:96 - Navigated to Seleniumeasy.com/test
2017-07-22 21:28:07 INFO  TestBase:125 - *****************InputFormSubmit Button is clicked Using DataProvider*****************
2017-07-22 21:28:12 INFO  TestBase:125 - *****************InputFormSubmit Button is clicked Using DataProvider*****************
2017-07-22 21:28:12 INFO  TestBase:136 - *****************InputFormSubmit Button is clicked in Validation Screen*****************
2017-07-22 21:28:22 INFO  TestBase:173 - *****************InputFormSubmit Button Error Validation is Completed*****************
2017-07-22 21:28:22 INFO  TestBase:29 - PageObject created
2017-07-22 21:28:23 INFO  TestBase:44 - ************AjaxForm is launched***********
2017-07-22 21:28:23 INFO  TestBase:71 - ********Inside Ajax Validation screen****************
2017-07-22 21:28:24 INFO  TestBase:79 - *****************AJAXForm Field Validation is over*****************
2017-07-24 13:40:12 INFO  TestBase:94 - Opened mozilla browser
2017-07-24 13:40:12 INFO  TestBase:96 - Navigated to Seleniumeasy.com/test
2017-07-24 13:40:23 INFO  TestBase:125 - *****************InputFormSubmit Button is clicked Using DataProvider*****************
2017-07-24 13:40:27 INFO  TestBase:125 - *****************InputFormSubmit Button is clicked Using DataProvider*****************
2017-07-24 13:40:28 INFO  TestBase:136 - *****************InputFormSubmit Button is clicked in Validation Screen*****************
2017-07-24 13:40:38 INFO  TestBase:173 - *****************InputFormSubmit Button Error Validation is Completed*****************
2017-07-24 13:40:38 INFO  TestBase:29 - PageObject created
2017-07-24 13:40:39 INFO  TestBase:44 - ************AjaxForm is launched***********
2017-07-24 13:40:39 INFO  TestBase:71 - ********Inside Ajax Validation screen****************
2017-07-24 13:40:39 INFO  TestBase:79 - *****************AJAXForm Field Validation is over*****************
2017-07-24 13:41:22 INFO  TestBase:94 - Opened mozilla browser
2017-07-24 13:41:22 INFO  TestBase:96 - Navigated to Seleniumeasy.com/test
2017-07-24 13:41:31 INFO  TestBase:125 - *****************InputFormSubmit Button is clicked Using DataProvider*****************
2017-07-24 13:41:36 INFO  TestBase:125 - *****************InputFormSubmit Button is clicked Using DataProvider*****************
2017-07-24 13:41:36 INFO  TestBase:136 - *****************InputFormSubmit Button is clicked in Validation Screen*****************
2017-07-24 13:41:46 INFO  TestBase:173 - *****************InputFormSubmit Button Error Validation is Completed*****************
2017-07-24 13:41:46 INFO  TestBase:29 - PageObject created
2017-07-24 13:41:48 INFO  TestBase:44 - ************AjaxForm is launched***********
2017-07-24 13:41:48 INFO  TestBase:71 - ********Inside Ajax Validation screen****************
2017-07-24 13:41:48 INFO  TestBase:79 - *****************AJAXForm Field Validation is over*****************
2017-07-24 13:51:37 INFO  TestBase:94 - Opened mozilla browser
2017-07-24 13:51:37 INFO  TestBase:96 - Navigated to Seleniumeasy.com/test
2017-07-24 13:51:46 INFO  TestBase:125 - *****************InputFormSubmit Button is clicked Using DataProvider*****************
2017-07-24 13:51:51 INFO  TestBase:125 - *****************InputFormSubmit Button is clicked Using DataProvider*****************
2017-07-24 13:51:51 INFO  TestBase:136 - *****************InputFormSubmit Button is clicked in Validation Screen*****************
2017-07-24 13:52:01 INFO  TestBase:173 - *****************InputFormSubmit Button Error Validation is Completed*****************
2017-07-24 13:52:01 INFO  TestBase:29 - PageObject created
2017-07-24 13:52:03 INFO  TestBase:44 - ************AjaxForm is launched***********
2017-07-24 13:52:03 INFO  TestBase:71 - ********Inside Ajax Validation screen****************
2017-07-24 13:52:03 INFO  TestBase:79 - *****************AJAXForm Field Validation is over*****************
2017-07-24 14:58:27 INFO  TestBase:96 - Opened mozilla browser
2017-07-24 14:58:27 INFO  TestBase:98 - Navigated to Seleniumeasy.com/test
2017-07-24 14:58:46 INFO  TestBase:96 - Opened mozilla browser
2017-07-24 14:58:46 INFO  TestBase:98 - Navigated to Seleniumeasy.com/test
2017-07-24 14:58:47 INFO  TestBase:29 - PageObject created
2017-07-24 14:58:49 INFO  TestBase:44 - ************AjaxForm is launched***********
2017-07-24 14:58:49 INFO  TestBase:71 - ********Inside Ajax Validation screen****************
2017-07-24 14:59:00 INFO  TestBase:171 - Screenshot taken
2017-07-24 15:09:50 INFO  TestBase:96 - Opened mozilla browser
2017-07-24 15:09:50 INFO  TestBase:98 - Navigated to Seleniumeasy.com/test
2017-07-24 15:10:05 INFO  TestBase:125 - *****************InputFormSubmit Button is clicked Using DataProvider*****************
2017-07-24 15:10:21 INFO  TestBase:125 - *****************InputFormSubmit Button is clicked Using DataProvider*****************
2017-07-24 15:10:21 INFO  TestBase:136 - *****************InputFormSubmit Button is clicked in Validation Screen*****************
2017-07-24 15:10:31 INFO  TestBase:173 - *****************InputFormSubmit Button Error Validation is Completed*****************
2017-07-24 15:10:31 INFO  TestBase:29 - PageObject created
2017-07-24 15:10:32 INFO  TestBase:44 - ************AjaxForm is launched***********
2017-07-24 15:10:32 INFO  TestBase:71 - ********Inside Ajax Validation screen****************
2017-07-24 15:10:42 INFO  TestBase:171 - Screenshot taken
2017-07-24 15:10:42 INFO  TestBase:171 - Screenshot taken
2017-07-24 15:10:54 INFO  TestBase:171 - Screenshot taken
2017-07-24 16:45:15 INFO  TestBase:96 - Opened mozilla browser
2017-07-24 16:45:15 INFO  TestBase:98 - Navigated to Seleniumeasy.com/test
2017-07-24 16:45:24 INFO  TestBase:127 - *****************InputFormSubmit Button is clicked Using DataProvider*****************
2017-07-24 16:45:28 INFO  TestBase:127 - *****************InputFormSubmit Button is clicked Using DataProvider*****************
2017-07-24 16:45:29 INFO  TestBase:138 - *****************InputFormSubmit Button is clicked in Validation Screen*****************
2017-07-24 16:45:39 INFO  TestBase:175 - *****************InputFormSubmit Button Error Validation is Completed*****************
2017-07-24 16:45:39 INFO  TestBase:29 - PageObject created
2017-07-24 16:45:40 INFO  TestBase:44 - ************AjaxForm is launched***********
2017-07-24 16:45:40 INFO  TestBase:71 - ********Inside Ajax Validation screen****************
2017-07-24 16:45:50 INFO  TestBase:171 - Screenshot taken
2017-07-24 16:46:02 INFO  TestBase:171 - Screenshot taken
2017-07-25 06:15:38 INFO  TestBase:96 - Opened mozilla browser
2017-07-25 06:15:38 INFO  TestBase:98 - Navigated to Seleniumeasy.com/test
2017-07-25 06:15:46 INFO  TestBase:127 - *****************InputFormSubmit Button is clicked Using DataProvider*****************
2017-07-25 06:15:50 INFO  TestBase:127 - *****************InputFormSubmit Button is clicked Using DataProvider*****************
2017-07-25 06:15:51 INFO  TestBase:138 - *****************InputFormSubmit Button is clicked in Validation Screen*****************
2017-07-25 06:16:01 INFO  TestBase:175 - *****************InputFormSubmit Button Error Validation is Completed*****************
2017-07-25 06:16:01 INFO  TestBase:29 - PageObject created
2017-07-25 06:16:01 INFO  TestBase:44 - ************AjaxForm is launched***********
2017-07-25 06:16:01 INFO  TestBase:71 - ********Inside Ajax Validation screen****************
2017-07-25 06:16:12 INFO  TestBase:171 - Screenshot taken
2017-07-25 06:16:23 INFO  TestBase:171 - Screenshot taken
2017-07-25 06:16:23 INFO  TestBase:171 - Screenshot taken
2017-07-25 06:38:16 INFO  TestBase:96 - Opened mozilla browser
2017-07-25 06:38:16 INFO  TestBase:98 - Navigated to Seleniumeasy.com/test
2017-07-25 06:38:24 INFO  TestBase:96 - Opened mozilla browser
2017-07-25 06:38:24 INFO  TestBase:98 - Navigated to Seleniumeasy.com/test
2017-07-25 06:38:24 INFO  TestBase:29 - PageObject created
2017-07-25 06:38:26 INFO  TestBase:44 - ************AjaxForm is launched***********
2017-07-25 06:38:26 INFO  TestBase:71 - ********Inside Ajax Validation screen****************
2017-07-25 06:38:36 INFO  TestBase:171 - Screenshot taken
2017-07-25 06:38:47 INFO  TestBase:171 - Screenshot taken
2017-07-25 06:40:45 INFO  TestBase:96 - Opened mozilla browser
2017-07-25 06:40:45 INFO  TestBase:98 - Navigated to Seleniumeasy.com/test
2017-07-25 06:40:52 INFO  TestBase:127 - *****************InputFormSubmit Button is clicked Using DataProvider*****************
2017-07-25 06:40:56 INFO  TestBase:127 - *****************InputFormSubmit Button is clicked Using DataProvider*****************
2017-07-25 06:40:57 INFO  TestBase:138 - *****************InputFormSubmit Button is clicked in Validation Screen*****************
2017-07-25 06:41:07 INFO  TestBase:175 - *****************InputFormSubmit Button Error Validation is Completed*****************
2017-07-25 06:41:07 INFO  TestBase:29 - PageObject created
2017-07-25 06:41:07 INFO  TestBase:44 - ************AjaxForm is launched***********
2017-07-25 06:41:07 INFO  TestBase:71 - ********Inside Ajax Validation screen****************
2017-07-25 06:41:08 INFO  TestBase:79 - *****************AJAXForm Field Validation is over*****************
2017-07-25 07:30:42 INFO  TestBase:97 - Opened mozilla browser
2017-07-25 07:30:42 INFO  TestBase:99 - Navigated to Seleniumeasy.com/test
2017-07-25 07:30:50 INFO  TestBase:127 - *****************InputFormSubmit Button is clicked Using DataProvider*****************
2017-07-25 07:30:54 INFO  TestBase:127 - *****************InputFormSubmit Button is clicked Using DataProvider*****************
2017-07-25 07:30:54 INFO  TestBase:138 - *****************InputFormSubmit Button is clicked in Validation Screen*****************
2017-07-25 07:31:04 INFO  TestBase:175 - *****************InputFormSubmit Button Error Validation is Completed*****************
2017-07-25 07:31:04 INFO  TestBase:29 - PageObject created
2017-07-25 07:31:05 INFO  TestBase:44 - ************AjaxForm is launched***********
2017-07-25 07:31:05 INFO  TestBase:71 - ********Inside Ajax Validation screen****************
2017-07-25 07:31:26 INFO  TestBase:175 - Screenshot taken
2017-07-25 07:31:27 INFO  TestBase:175 - Screenshot taken
2017-07-25 07:41:38 INFO  TestBase:97 - Opened mozilla browser
2017-07-25 07:41:38 INFO  TestBase:99 - Navigated to Seleniumeasy.com/test
2017-07-25 07:41:45 INFO  TestBase:127 - *****************InputFormSubmit Button is clicked Using DataProvider*****************
2017-07-25 07:41:50 INFO  TestBase:127 - *****************InputFormSubmit Button is clicked Using DataProvider*****************
2017-07-25 07:41:50 INFO  TestBase:138 - *****************InputFormSubmit Button is clicked in Validation Screen*****************
2017-07-25 07:42:00 INFO  TestBase:175 - *****************InputFormSubmit Button Error Validation is Completed*****************
2017-07-25 07:42:00 INFO  TestBase:29 - PageObject created
2017-07-25 07:42:01 INFO  TestBase:44 - ************AjaxForm is launched***********
2017-07-25 07:42:01 INFO  TestBase:71 - ********Inside Ajax Validation screen****************
2017-07-25 07:42:23 INFO  TestBase:175 - Screenshot taken
2017-07-25 07:42:23 INFO  TestBase:175 - Screenshot taken
2017-07-25 09:22:50 INFO  TestBase:98 - Opened mozilla browser
2017-07-25 09:22:50 INFO  TestBase:100 - Navigated to Seleniumeasy.com/test
2017-07-25 09:22:57 INFO  TestBase:127 - *****************InputFormSubmit Button is clicked Using DataProvider*****************
2017-07-25 09:23:02 INFO  TestBase:127 - *****************InputFormSubmit Button is clicked Using DataProvider*****************
2017-07-25 09:23:02 INFO  TestBase:138 - *****************InputFormSubmit Button is clicked in Validation Screen*****************
2017-07-25 09:23:12 INFO  TestBase:175 - *****************InputFormSubmit Button Error Validation is Completed*****************
2017-07-25 09:23:12 INFO  TestBase:32 - PageObject created
2017-07-25 09:23:13 INFO  TestBase:45 - ************AjaxForm is launched***********
2017-07-25 09:23:13 INFO  TestBase:72 - ********Inside Ajax Validation screen****************
2017-07-25 09:23:34 INFO  TestBase:176 - Screenshot taken
2017-07-25 09:23:34 INFO  TestBase:176 - Screenshot taken
2017-07-25 09:50:17 INFO  TestBase:98 - Opened mozilla browser
2017-07-25 09:50:17 INFO  TestBase:100 - Navigated to Seleniumeasy.com/test
2017-07-25 09:50:24 INFO  TestBase:127 - *****************InputFormSubmit Button is clicked Using DataProvider*****************
2017-07-25 09:50:29 INFO  TestBase:127 - *****************InputFormSubmit Button is clicked Using DataProvider*****************
2017-07-25 09:50:29 INFO  TestBase:138 - *****************InputFormSubmit Button is clicked in Validation Screen*****************
2017-07-25 09:50:39 INFO  TestBase:175 - *****************InputFormSubmit Button Error Validation is Completed*****************
2017-07-25 09:50:39 INFO  TestBase:32 - PageObject created
2017-07-25 09:50:40 INFO  TestBase:45 - ************AjaxForm is launched***********
2017-07-25 09:50:40 INFO  TestBase:72 - ********Inside Ajax Validation screen****************
2017-07-25 09:51:01 INFO  TestBase:176 - Screenshot taken
2017-07-25 09:51:01 INFO  TestBase:176 - Screenshot taken
2017-07-25 11:05:53 INFO  TestBase:98 - Opened mozilla browser
2017-07-25 11:05:53 INFO  TestBase:100 - Navigated to Seleniumeasy.com/test
2017-07-25 11:06:01 INFO  TestBase:127 - *****************InputFormSubmit Button is clicked Using DataProvider*****************
2017-07-25 11:06:05 INFO  TestBase:127 - *****************InputFormSubmit Button is clicked Using DataProvider*****************
2017-07-25 11:06:05 INFO  TestBase:138 - *****************InputFormSubmit Button is clicked in Validation Screen*****************
2017-07-25 11:06:16 INFO  TestBase:175 - *****************InputFormSubmit Button Error Validation is Completed*****************
2017-07-25 11:06:16 INFO  TestBase:32 - PageObject created
2017-07-25 11:06:18 INFO  TestBase:45 - ************AjaxForm is launched***********
2017-07-25 11:06:19 INFO  TestBase:72 - ********Inside Ajax Validation screen****************
2017-07-25 11:06:19 INFO  TestBase:80 - *****************AJAXForm Field Validation is over*****************
2017-07-25 11:23:31 INFO  TestBase:98 - Opened mozilla browser
2017-07-25 11:23:31 INFO  TestBase:100 - Navigated to Seleniumeasy.com/test
2017-07-25 11:23:39 INFO  TestBase:127 - *****************InputFormSubmit Button is clicked Using DataProvider*****************
2017-07-25 11:23:43 INFO  TestBase:127 - *****************InputFormSubmit Button is clicked Using DataProvider*****************
2017-07-25 11:23:43 INFO  TestBase:138 - *****************InputFormSubmit Button is clicked in Validation Screen*****************
2017-07-25 11:23:53 INFO  TestBase:175 - *****************InputFormSubmit Button Error Validation is Completed*****************
2017-07-25 11:23:53 INFO  TestBase:32 - PageObject created
2017-07-25 11:23:54 INFO  TestBase:45 - ************AjaxForm is launched***********
2017-07-25 11:23:54 INFO  TestBase:72 - ********Inside Ajax Validation screen****************
2017-07-25 11:23:55 INFO  TestBase:80 - *****************AJAXForm Field Validation is over*****************
2017-07-25 11:40:57 INFO  TestBase:98 - Opened mozilla browser
2017-07-25 11:40:57 INFO  TestBase:100 - Navigated to Seleniumeasy.com/test
2017-07-25 11:41:04 INFO  TestBase:127 - *****************InputFormSubmit Button is clicked Using DataProvider*****************
2017-07-25 11:41:08 INFO  TestBase:127 - *****************InputFormSubmit Button is clicked Using DataProvider*****************
2017-07-25 11:41:09 INFO  TestBase:138 - *****************InputFormSubmit Button is clicked in Validation Screen*****************
2017-07-25 11:41:19 INFO  TestBase:175 - *****************InputFormSubmit Button Error Validation is Completed*****************
2017-07-25 11:41:19 INFO  TestBase:32 - PageObject created
2017-07-25 11:41:20 INFO  TestBase:43 - ************AjaxForm is launched***********
2017-07-25 11:41:20 INFO  TestBase:70 - ********Inside Ajax Validation screen****************
2017-07-25 11:41:42 INFO  TestBase:176 - Screenshot taken
2017-07-25 11:41:42 INFO  TestBase:176 - Screenshot taken
2017-07-25 12:28:53 INFO  TestBase:98 - Opened mozilla browser
2017-07-25 12:28:53 INFO  TestBase:100 - Navigated to Seleniumeasy.com/test
2017-07-25 12:29:01 INFO  TestBase:127 - *****************InputFormSubmit Button is clicked Using DataProvider*****************
2017-07-25 12:29:07 INFO  TestBase:127 - *****************InputFormSubmit Button is clicked Using DataProvider*****************
2017-07-25 12:29:07 INFO  TestBase:138 - *****************InputFormSubmit Button is clicked in Validation Screen*****************
2017-07-25 12:29:17 INFO  TestBase:175 - *****************InputFormSubmit Button Error Validation is Completed*****************
2017-07-25 12:29:17 INFO  TestBase:33 - PageObject created
2017-07-25 12:29:19 INFO  TestBase:43 - ************AjaxForm is launched***********
2017-07-25 12:29:20 INFO  TestBase:70 - ********Inside Ajax Validation screen****************
2017-07-25 12:29:41 INFO  TestBase:176 - Screenshot taken
2017-07-25 12:29:41 INFO  TestBase:176 - Screenshot taken
2017-07-25 13:36:30 INFO  TestBase:98 - Opened mozilla browser
2017-07-25 13:36:30 INFO  TestBase:100 - Navigated to Seleniumeasy.com/test
2017-07-25 13:36:37 INFO  TestBase:127 - *****************InputFormSubmit Button is clicked Using DataProvider*****************
2017-07-25 13:36:41 INFO  TestBase:127 - *****************InputFormSubmit Button is clicked Using DataProvider*****************
2017-07-25 13:36:42 INFO  TestBase:138 - *****************InputFormSubmit Button is clicked in Validation Screen*****************
2017-07-25 13:36:52 INFO  TestBase:175 - *****************InputFormSubmit Button Error Validation is Completed*****************
2017-07-25 13:36:52 INFO  TestBase:33 - PageObject created
2017-07-25 13:36:53 INFO  TestBase:43 - ************AjaxForm is launched***********
2017-07-25 13:36:53 INFO  TestBase:70 - ********Inside Ajax Validation screen****************
2017-07-25 13:37:14 INFO  TestBase:176 - Screenshot taken
2017-07-25 13:37:14 INFO  TestBase:176 - Screenshot taken
